=== RUN: 05_resnet18_forward.py ===
Timestamp: 20260210_180158
PWD: /home/anita/pi_tests
Python: Python 3.11.2
Venv: /home/anita/pi_tests/.venv

--- SYSTEM BEFORE ---
 18:01:58 up 6 min,  2 users,  load average: 0.01, 0.16, 0.10
               total        used        free      shared  buff/cache   available
Mem:           3.7Gi       787Mi       2.4Gi        29Mi       686Mi       2.9Gi
Swap:          511Mi          0B       511Mi

--- RUNNING (/usr/bin/time -v gives peak RAM + CPU) ---
RSS after imports/model (MB): 302.4
out shape: (1, 1000)
forward time (s): 0.312
RSS end (MB): 340.9
	Command being timed: "python 05_resnet18_forward.py"
	User time (seconds): 8.83
	System time (seconds): 0.78
	Percent of CPU this job got: 117%
	Elapsed (wall clock) time (h:mm:ss or m:ss): 0:08.16
	Average shared text size (kbytes): 0
	Average unshared data size (kbytes): 0
	Average stack size (kbytes): 0
	Average total size (kbytes): 0
	Maximum resident set size (kbytes): 349132
	Average resident set size (kbytes): 0
	Major (requiring I/O) page faults: 125
	Minor (reclaiming a frame) page faults: 88744
	Voluntary context switches: 265
	Involuntary context switches: 209
	Swaps: 0
	File system inputs: 27576
	File system outputs: 8
	Socket messages sent: 0
	Socket messages received: 0
	Signals delivered: 0
	Page size (bytes): 4096
	Exit status: 0

--- SYSTEM AFTER ---
               total        used        free      shared  buff/cache   available
Mem:           3.7Gi       862Mi       2.3Gi        29Mi       700Mi       2.9Gi
Swap:          511Mi          0B       511Mi
