=== RUN: 07_models_forward.py ===
Timestamp: 20260210_202949
PWD: /home/anita/pi_tests
Python: Python 3.11.2
Venv: /home/anita/pi_tests/.venv

--- SYSTEM BEFORE ---
 20:29:49 up  2:34,  2 users,  load average: 0.09, 0.06, 0.02
               total        used        free      shared  buff/cache   available
Mem:           3.7Gi       868Mi        64Mi        24Mi       2.9Gi       2.9Gi
Swap:          511Mi       5.0Mi       506Mi

--- RUNNING (/usr/bin/time -v gives peak RAM + CPU) ---
python: can't open file '/home/anita/pi_tests/07_models_forward.py': [Errno 2] No such file or directory
Command exited with non-zero status 2
	Command being timed: "python 07_models_forward.py"
	User time (seconds): 0.02
	System time (seconds): 0.00
	Percent of CPU this job got: 94%
	Elapsed (wall clock) time (h:mm:ss or m:ss): 0:00.03
	Average shared text size (kbytes): 0
	Average unshared data size (kbytes): 0
	Average stack size (kbytes): 0
	Average total size (kbytes): 0
	Maximum resident set size (kbytes): 7380
	Average resident set size (kbytes): 0
	Major (requiring I/O) page faults: 0
	Minor (reclaiming a frame) page faults: 807
	Voluntary context switches: 1
	Involuntary context switches: 6
	Swaps: 0
	File system inputs: 0
	File system outputs: 0
	Socket messages sent: 0
	Socket messages received: 0
	Signals delivered: 0
	Page size (bytes): 4096
	Exit status: 2
