=== RUN: 04_onnx_smoke.py ===
Timestamp: 20260201_000227
PWD: /home/anita/pi_tests
Python: Python 3.11.2
Venv: /home/anita/pi_tests/.venv

--- SYSTEM BEFORE ---
               total        used        free      shared  buff/cache   available
Mem:           1.8Gi       860Mi       761Mi        25Mi       304Mi       984Mi
Swap:          511Mi          0B       511Mi

--- RUNNING ---
[0;93m2026-02-01 00:02:28.055929629 [W:onnxruntime:Default, device_discovery.cc:164 DiscoverDevicesForPlatform] GPU device discovery failed: device_discovery.cc:89 ReadFileContents Failed to open file: "/sys/class/drm/card1/device/vendor"[m
onnxruntime: 1.23.2
providers: ['AzureExecutionProvider', 'CPUExecutionProvider']
RSS after import (MB): 45.9
matmul time (s): 0.16
checksum: 268925440.0
RSS end (MB): 64.2
	Command being timed: "python 04_onnx_smoke.py"
	User time (seconds): 1.27
	System time (seconds): 0.10
	Percent of CPU this job got: 139%
	Elapsed (wall clock) time (h:mm:ss or m:ss): 0:00.98
	Average shared text size (kbytes): 0
	Average unshared data size (kbytes): 0
	Average stack size (kbytes): 0
	Average total size (kbytes): 0
	Maximum resident set size (kbytes): 65700
	Average resident set size (kbytes): 0
	Major (requiring I/O) page faults: 81
	Minor (reclaiming a frame) page faults: 13157
	Voluntary context switches: 131
	Involuntary context switches: 179
	Swaps: 0
	File system inputs: 20080
	File system outputs: 0
	Socket messages sent: 0
	Socket messages received: 0
	Signals delivered: 0
	Page size (bytes): 4096
	Exit status: 0

--- SYSTEM AFTER ---
               total        used        free      shared  buff/cache   available
Mem:           1.8Gi       885Mi       727Mi        25Mi       314Mi       960Mi
Swap:          511Mi          0B       511Mi
