=== RUN: 01_basics.py ===
Timestamp: 20260131_234427
PWD: /home/anita/pi_tests
Python: Python 3.11.2
Venv: /home/anita/pi_tests/.venv

--- SYSTEM BEFORE ---
               total        used        free      shared  buff/cache   available
Mem:           1.8Gi       887Mi       509Mi        18Mi       571Mi       958Mi
Swap:          511Mi        10Mi       501Mi

--- RUNNING ---
Machine: aarch64
RSS start (MB): 8.4
Compute time (s): 0.379
RSS end (MB): 8.4
	Command being timed: "python 01_basics.py"
	User time (seconds): 0.44
	System time (seconds): 0.01
	Percent of CPU this job got: 98%
	Elapsed (wall clock) time (h:mm:ss or m:ss): 0:00.46
	Average shared text size (kbytes): 0
	Average unshared data size (kbytes): 0
	Average stack size (kbytes): 0
	Average total size (kbytes): 0
	Maximum resident set size (kbytes): 8964
	Average resident set size (kbytes): 0
	Major (requiring I/O) page faults: 1
	Minor (reclaiming a frame) page faults: 1103
	Voluntary context switches: 6
	Involuntary context switches: 14
	Swaps: 0
	File system inputs: 400
	File system outputs: 0
	Socket messages sent: 0
	Socket messages received: 0
	Signals delivered: 0
	Page size (bytes): 4096
	Exit status: 0

--- SYSTEM AFTER ---
               total        used        free      shared  buff/cache   available
Mem:           1.8Gi       886Mi       509Mi        18Mi       572Mi       958Mi
Swap:          511Mi        10Mi       501Mi
