=== RUN: 02_numpy_pillow.py ===
Timestamp: 20260131_235952
PWD: /home/anita/pi_tests
Python: Python 3.11.2
Venv: /home/anita/pi_tests/.venv

--- SYSTEM BEFORE ---
               total        used        free      shared  buff/cache   available
Mem:           1.8Gi       862Mi       371Mi        25Mi       697Mi       983Mi
Swap:          511Mi          0B       511Mi

--- RUNNING ---
RSS after imports (MB): 33.4
Image ops time (s): 0.152
RSS end (MB): 60.9
	Command being timed: "python 02_numpy_pillow.py"
	User time (seconds): 0.78
	System time (seconds): 0.13
	Percent of CPU this job got: 66%
	Elapsed (wall clock) time (h:mm:ss or m:ss): 0:01.38
	Average shared text size (kbytes): 0
	Average unshared data size (kbytes): 0
	Average stack size (kbytes): 0
	Average total size (kbytes): 0
	Maximum resident set size (kbytes): 62404
	Average resident set size (kbytes): 0
	Major (requiring I/O) page faults: 135
	Minor (reclaiming a frame) page faults: 13359
	Voluntary context switches: 486
	Involuntary context switches: 26
	Swaps: 0
	File system inputs: 52560
	File system outputs: 0
	Socket messages sent: 0
	Socket messages received: 0
	Signals delivered: 0
	Page size (bytes): 4096
	Exit status: 0

--- SYSTEM AFTER ---
               total        used        free      shared  buff/cache   available
Mem:           1.8Gi       886Mi       320Mi        25Mi       724Mi       958Mi
Swap:          511Mi          0B       511Mi
