=== RUN: 06_efficientnetv2_forward.py ===
Timestamp: 20260210_180255
PWD: /home/anita/pi_tests
Python: Python 3.11.2
Venv: /home/anita/pi_tests/.venv

--- SYSTEM BEFORE ---
 18:02:55 up 7 min,  2 users,  load average: 0.04, 0.14, 0.10
               total        used        free      shared  buff/cache   available
Mem:           3.7Gi       790Mi       2.3Gi        29Mi       700Mi       2.9Gi
Swap:          511Mi          0B       511Mi

--- RUNNING (/usr/bin/time -v gives peak RAM + CPU) ---
RSS after imports/model (MB): 342.0
out shape: (1, 1000)
forward time (s): 0.775
RSS end (MB): 384.1
	Command being timed: "python 06_efficientnetv2_forward.py"
	User time (seconds): 13.11
	System time (seconds): 0.77
	Percent of CPU this job got: 145%
	Elapsed (wall clock) time (h:mm:ss or m:ss): 0:09.52
	Average shared text size (kbytes): 0
	Average unshared data size (kbytes): 0
	Average stack size (kbytes): 0
	Average total size (kbytes): 0
	Maximum resident set size (kbytes): 393268
	Average resident set size (kbytes): 0
	Major (requiring I/O) page faults: 22
	Minor (reclaiming a frame) page faults: 94914
	Voluntary context switches: 769
	Involuntary context switches: 360
	Swaps: 0
	File system inputs: 3120
	File system outputs: 8
	Socket messages sent: 0
	Socket messages received: 0
	Signals delivered: 0
	Page size (bytes): 4096
	Exit status: 0

--- SYSTEM AFTER ---
               total        used        free      shared  buff/cache   available
Mem:           3.7Gi       855Mi       2.3Gi        29Mi       702Mi       2.9Gi
Swap:          511Mi          0B       511Mi
