=== RUN: 02_numpy_pillow.py ===
Timestamp: 20260131_234743
PWD: /home/anita/pi_tests
Python: Python 3.11.2
Venv: /home/anita/pi_tests/.venv

--- SYSTEM BEFORE ---
               total        used        free      shared  buff/cache   available
Mem:           1.8Gi       886Mi       509Mi        18Mi       572Mi       959Mi
Swap:          511Mi        10Mi       501Mi

--- RUNNING ---
RSS after imports (MB): 33.9
Image ops time (s): 0.156
RSS end (MB): 61.4
	Command being timed: "python 02_numpy_pillow.py"
	User time (seconds): 0.76
	System time (seconds): 0.12
	Percent of CPU this job got: 113%
	Elapsed (wall clock) time (h:mm:ss or m:ss): 0:00.78
	Average shared text size (kbytes): 0
	Average unshared data size (kbytes): 0
	Average stack size (kbytes): 0
	Average total size (kbytes): 0
	Maximum resident set size (kbytes): 62916
	Average resident set size (kbytes): 0
	Major (requiring I/O) page faults: 37
	Minor (reclaiming a frame) page faults: 13361
	Voluntary context switches: 72
	Involuntary context switches: 85
	Swaps: 0
	File system inputs: 9624
	File system outputs: 0
	Socket messages sent: 0
	Socket messages received: 0
	Signals delivered: 0
	Page size (bytes): 4096
	Exit status: 0

--- SYSTEM AFTER ---
               total        used        free      shared  buff/cache   available
Mem:           1.8Gi       909Mi       481Mi        18Mi       576Mi       936Mi
Swap:          511Mi        10Mi       501Mi
