=== RUN: 03_opencv_smoke.py ===
Timestamp: 20260201_000136
PWD: /home/anita/pi_tests
Python: Python 3.11.2
Venv: /home/anita/pi_tests/.venv

--- SYSTEM BEFORE ---
               total        used        free      shared  buff/cache   available
Mem:           1.8Gi       858Mi       817Mi        25Mi       251Mi       987Mi
Swap:          511Mi          0B       511Mi

--- RUNNING ---
cv2: 4.9.0
RSS after import (MB): 53.3
OpenCV ops OK. shape: (720, 1280) time(s): 0.175
RSS end (MB): 77.6
	Command being timed: "python 03_opencv_smoke.py"
	User time (seconds): 0.80
	System time (seconds): 0.26
	Percent of CPU this job got: 46%
	Elapsed (wall clock) time (h:mm:ss or m:ss): 0:02.32
	Average shared text size (kbytes): 0
	Average unshared data size (kbytes): 0
	Average stack size (kbytes): 0
	Average total size (kbytes): 0
	Maximum resident set size (kbytes): 79476
	Average resident set size (kbytes): 0
	Major (requiring I/O) page faults: 313
	Minor (reclaiming a frame) page faults: 12774
	Voluntary context switches: 809
	Involuntary context switches: 112
	Swaps: 0
	File system inputs: 109008
	File system outputs: 0
	Socket messages sent: 0
	Socket messages received: 0
	Signals delivered: 0
	Page size (bytes): 4096
	Exit status: 0

--- SYSTEM AFTER ---
               total        used        free      shared  buff/cache   available
Mem:           1.8Gi       894Mi       727Mi        25Mi       304Mi       951Mi
Swap:          511Mi          0B       511Mi
